---------------
C:\USERS\MICHAELSAWFORD\A2 EFFICIENCY\P-2050-006.00 SCE T24 COMPLEX HVAC - DOCUMENTS\4.00-MODELING\EX01B_MF VENTILATION\MF88_1B_CSUP_IEXH-SZHP_CZ09\MF88UNIT_CSUP_IEXH-SZHP_CZ09 - RUN\MF88UNIT_CSUP_IEXH-SZHP_CZ09 - AB-PVB-CSE.CSE(2903): Info: 
  doas 'doas-Res Central Supply (All Units)': 
    'oaHXBypass' is ignored when oaHXSenEffHDs is not set
---------------
C:\USERS\MICHAELSAWFORD\A2 EFFICIENCY\P-2050-006.00 SCE T24 COMPLEX HVAC - DOCUMENTS\4.00-MODELING\EX01B_MF VENTILATION\MF88_1B_CSUP_IEXH-SZHP_CZ09\MF88UNIT_CSUP_IEXH-SZHP_CZ09 - RUN\MF88UNIT_CSUP_IEXH-SZHP_CZ09 - AB-PVB-CSE.CSE(2903): Info: 
  doas 'doas-Res Central Supply (All Units)': 
    'oaHXBypass' is ignored when oaHXSenEffHDs is not set
---------------
C:\USERS\MICHAELSAWFORD\A2 EFFICIENCY\P-2050-006.00 SCE T24 COMPLEX HVAC - DOCUMENTS\4.00-MODELING\EX01B_MF VENTILATION\MF88_1B_CSUP_IEXH-SZHP_CZ09\MF88UNIT_CSUP_IEXH-SZHP_CZ09 - RUN\MF88UNIT_CSUP_IEXH-SZHP_CZ09 - AB-PVB-CSE.CSE(2903): Info: 
  doas 'doas-Res Central Supply (All Units)': 
    'oaSupFanElecPwr' is ignored when there is no supply fan
---------------
C:\USERS\MICHAELSAWFORD\A2 EFFICIENCY\P-2050-006.00 SCE T24 COMPLEX HVAC - DOCUMENTS\4.00-MODELING\EX01B_MF VENTILATION\MF88_1B_CSUP_IEXH-SZHP_CZ09\MF88UNIT_CSUP_IEXH-SZHP_CZ09 - RUN\MF88UNIT_CSUP_IEXH-SZHP_CZ09 - AB-PVB-CSE.CSE(2903): Info: 
  doas 'doas-Res Central Supply (All Units)': 
    'oaSupFanEndUse' is ignored when there is no supply fan
---------------
C:\USERS\MICHAELSAWFORD\A2 EFFICIENCY\P-2050-006.00 SCE T24 COMPLEX HVAC - DOCUMENTS\4.00-MODELING\EX01B_MF VENTILATION\MF88_1B_CSUP_IEXH-SZHP_CZ09\MF88UNIT_CSUP_IEXH-SZHP_CZ09 - RUN\MF88UNIT_CSUP_IEXH-SZHP_CZ09 - AB-PVB-CSE.CSE(2903): Info: 
  doas 'doas-Res Central Supply (All Units)': 
    'oaHXBypass' is ignored when there is no supply fan
---------------
C:\USERS\MICHAELSAWFORD\A2 EFFICIENCY\P-2050-006.00 SCE T24 COMPLEX HVAC - DOCUMENTS\4.00-MODELING\EX01B_MF VENTILATION\MF88_1B_CSUP_IEXH-SZHP_CZ09\MF88UNIT_CSUP_IEXH-SZHP_CZ09 - RUN\MF88UNIT_CSUP_IEXH-SZHP_CZ09 - AB-PVB-CSE.CSE(2903): Info: 
  doas 'doas-Res Central Supply (All Units)': 
    'oaExhFanElecPwr' is ignored when there is no exhaust fan
---------------
C:\USERS\MICHAELSAWFORD\A2 EFFICIENCY\P-2050-006.00 SCE T24 COMPLEX HVAC - DOCUMENTS\4.00-MODELING\EX01B_MF VENTILATION\MF88_1B_CSUP_IEXH-SZHP_CZ09\MF88UNIT_CSUP_IEXH-SZHP_CZ09 - RUN\MF88UNIT_CSUP_IEXH-SZHP_CZ09 - AB-PVB-CSE.CSE(2903): Info: 
  doas 'doas-Res Central Supply (All Units)': 
    'oaExhFanEndUse' is ignored when there is no exhaust fan
---------------
C:\USERS\MICHAELSAWFORD\A2 EFFICIENCY\P-2050-006.00 SCE T24 COMPLEX HVAC - DOCUMENTS\4.00-MODELING\EX01B_MF VENTILATION\MF88_1B_CSUP_IEXH-SZHP_CZ09\MF88UNIT_CSUP_IEXH-SZHP_CZ09 - RUN\MF88UNIT_CSUP_IEXH-SZHP_CZ09 - AB-PVB-CSE.CSE(2903): Info: 
  doas 'doas-Res Central Supply (All Units)': 
    'oaHXBypass' is ignored when there is no exhaust fan
---------------
