---------------
C:\GITHUB\P-SCE-COMPLEX_HVAC\MF EXAMPLES\ISUP_CEXH-SZHP_CZ09\MF88UNIT_ISUP_CEXH-SZHP_CZ9 - RUN\MF88UNIT_ISUP_CEXH-SZHP_CZ9 - AP-CSE.CSE(647): Info: 
  DHWSYS 'dhwsys-F1 Business Center': 
    'wsTSetpoint' is ignored -- HPWH 'dhwhtr1-Heat Pump' has a fixed setpoint.
---------------
C:\GITHUB\P-SCE-COMPLEX_HVAC\MF EXAMPLES\ISUP_CEXH-SZHP_CZ09\MF88UNIT_ISUP_CEXH-SZHP_CZ9 - RUN\MF88UNIT_ISUP_CEXH-SZHP_CZ9 - AP-CSE.CSE(671): Info: 
  DHWSYS 'dhwsys-F1 Fitness Center': 
    'wsTSetpoint' is ignored -- HPWH 'dhwhtr1-Heat Pump 3' has a fixed setpoint.
---------------
C:\GITHUB\P-SCE-COMPLEX_HVAC\MF EXAMPLES\ISUP_CEXH-SZHP_CZ09\MF88UNIT_ISUP_CEXH-SZHP_CZ9 - RUN\MF88UNIT_ISUP_CEXH-SZHP_CZ9 - AP-CSE.CSE(695): Info: 
  DHWSYS 'dhwsys-F1 Leasing Office': 
    'wsTSetpoint' is ignored -- HPWH 'dhwhtr1-Heat Pump 4' has a fixed setpoint.
---------------
C:\GITHUB\P-SCE-COMPLEX_HVAC\MF EXAMPLES\ISUP_CEXH-SZHP_CZ09\MF88UNIT_ISUP_CEXH-SZHP_CZ9 - RUN\MF88UNIT_ISUP_CEXH-SZHP_CZ9 - AP-CSE.CSE(719): Info: 
  DHWSYS 'dhwsys-F1 Lobby': 
    'wsTSetpoint' is ignored -- HPWH 'dhwhtr1-Heat Pump 5' has a fixed setpoint.
---------------
C:\GITHUB\P-SCE-COMPLEX_HVAC\MF EXAMPLES\ISUP_CEXH-SZHP_CZ09\MF88UNIT_ISUP_CEXH-SZHP_CZ9 - RUN\MF88UNIT_ISUP_CEXH-SZHP_CZ9 - AP-CSE.CSE(743): Info: 
  DHWSYS 'dhwsys-F1 Mech Rm': 
    'wsTSetpoint' is ignored -- HPWH 'dhwhtr1-Heat Pump 6' has a fixed setpoint.
---------------
C:\GITHUB\P-SCE-COMPLEX_HVAC\MF EXAMPLES\ISUP_CEXH-SZHP_CZ09\MF88UNIT_ISUP_CEXH-SZHP_CZ9 - RUN\MF88UNIT_ISUP_CEXH-SZHP_CZ9 - AP-CSE.CSE(767): Info: 
  DHWSYS 'dhwsys-F2 Break Room': 
    'wsTSetpoint' is ignored -- HPWH 'dhwhtr1-Heat Pump 7' has a fixed setpoint.
---------------
C:\GITHUB\P-SCE-COMPLEX_HVAC\MF EXAMPLES\ISUP_CEXH-SZHP_CZ09\MF88UNIT_ISUP_CEXH-SZHP_CZ9 - RUN\MF88UNIT_ISUP_CEXH-SZHP_CZ9 - AP-CSE.CSE(791): Info: 
  DHWSYS 'dhwsys-F3 Break Room': 
    'wsTSetpoint' is ignored -- HPWH 'dhwhtr1-Heat Pump 8' has a fixed setpoint.
---------------
C:\GITHUB\P-SCE-COMPLEX_HVAC\MF EXAMPLES\ISUP_CEXH-SZHP_CZ09\MF88UNIT_ISUP_CEXH-SZHP_CZ9 - RUN\MF88UNIT_ISUP_CEXH-SZHP_CZ9 - AP-CSE.CSE(815): Info: 
  DHWSYS 'dhwsys-F4 Break Room': 
    'wsTSetpoint' is ignored -- HPWH 'dhwhtr1-Heat Pump 9' has a fixed setpoint.
---------------
C:\GITHUB\P-SCE-COMPLEX_HVAC\MF EXAMPLES\ISUP_CEXH-SZHP_CZ09\MF88UNIT_ISUP_CEXH-SZHP_CZ9 - RUN\MF88UNIT_ISUP_CEXH-SZHP_CZ9 - AP-CSE.CSE(839): Info: 
  DHWSYS 'dhwsys-F5 Break Room': 
    'wsTSetpoint' is ignored -- HPWH 'dhwhtr1-Heat Pump 10' has a fixed setpoint.
---------------
C:\GITHUB\P-SCE-COMPLEX_HVAC\MF EXAMPLES\ISUP_CEXH-SZHP_CZ09\MF88UNIT_ISUP_CEXH-SZHP_CZ9 - RUN\MF88UNIT_ISUP_CEXH-SZHP_CZ9 - AP-CSE.CSE(36331): Info: 
  doas 'doas-Res Central Exhaust (All Units)': 
    'oaHXBypass' is ignored when oaHXSenEffHDs is not set
---------------
C:\GITHUB\P-SCE-COMPLEX_HVAC\MF EXAMPLES\ISUP_CEXH-SZHP_CZ09\MF88UNIT_ISUP_CEXH-SZHP_CZ9 - RUN\MF88UNIT_ISUP_CEXH-SZHP_CZ9 - AP-CSE.CSE(36331): Info: 
  doas 'doas-Res Central Exhaust (All Units)': 
    'oaHXBypass' is ignored when oaHXSenEffHDs is not set
---------------
C:\GITHUB\P-SCE-COMPLEX_HVAC\MF EXAMPLES\ISUP_CEXH-SZHP_CZ09\MF88UNIT_ISUP_CEXH-SZHP_CZ9 - RUN\MF88UNIT_ISUP_CEXH-SZHP_CZ9 - AP-CSE.CSE(36331): Info: 
  doas 'doas-Res Central Exhaust (All Units)': 
    'oaHXBypass' is ignored when oaHXSenEffHDs is not set
---------------
