---------------
C:\USERS\MICHAELSAWFORD\A2 EFFICIENCY\P-2050-006.00 SCE T24 COMPLEX HVAC - DOCUMENTS\4.00-MODELING\EX01A_MF VENTILATION\MF88_1A_ISUP_CEXH-SZHP_CZ09\MF88UNIT_ISUP_CEXH-SZHP_CZ9 - RUN\MF88UNIT_ISUP_CEXH-SZHP_CZ9 - AB-PVB-CSE.CSE(2903): Info: 
  doas 'doas-Res Central Exhaust (All Units)': 
    'oaHXBypass' is ignored when oaHXSenEffHDs is not set
---------------
C:\USERS\MICHAELSAWFORD\A2 EFFICIENCY\P-2050-006.00 SCE T24 COMPLEX HVAC - DOCUMENTS\4.00-MODELING\EX01A_MF VENTILATION\MF88_1A_ISUP_CEXH-SZHP_CZ09\MF88UNIT_ISUP_CEXH-SZHP_CZ9 - RUN\MF88UNIT_ISUP_CEXH-SZHP_CZ9 - AB-PVB-CSE.CSE(2903): Info: 
  doas 'doas-Res Central Exhaust (All Units)': 
    'oaHXBypass' is ignored when oaHXSenEffHDs is not set
---------------
C:\USERS\MICHAELSAWFORD\A2 EFFICIENCY\P-2050-006.00 SCE T24 COMPLEX HVAC - DOCUMENTS\4.00-MODELING\EX01A_MF VENTILATION\MF88_1A_ISUP_CEXH-SZHP_CZ09\MF88UNIT_ISUP_CEXH-SZHP_CZ9 - RUN\MF88UNIT_ISUP_CEXH-SZHP_CZ9 - AB-PVB-CSE.CSE(2903): Info: 
  doas 'doas-Res Central Exhaust (All Units)': 
    'oaSupFanElecPwr' is ignored when there is no supply fan
---------------
C:\USERS\MICHAELSAWFORD\A2 EFFICIENCY\P-2050-006.00 SCE T24 COMPLEX HVAC - DOCUMENTS\4.00-MODELING\EX01A_MF VENTILATION\MF88_1A_ISUP_CEXH-SZHP_CZ09\MF88UNIT_ISUP_CEXH-SZHP_CZ9 - RUN\MF88UNIT_ISUP_CEXH-SZHP_CZ9 - AB-PVB-CSE.CSE(2903): Info: 
  doas 'doas-Res Central Exhaust (All Units)': 
    'oaSupFanEndUse' is ignored when there is no supply fan
---------------
C:\USERS\MICHAELSAWFORD\A2 EFFICIENCY\P-2050-006.00 SCE T24 COMPLEX HVAC - DOCUMENTS\4.00-MODELING\EX01A_MF VENTILATION\MF88_1A_ISUP_CEXH-SZHP_CZ09\MF88UNIT_ISUP_CEXH-SZHP_CZ9 - RUN\MF88UNIT_ISUP_CEXH-SZHP_CZ9 - AB-PVB-CSE.CSE(2903): Info: 
  doas 'doas-Res Central Exhaust (All Units)': 
    'oaHXBypass' is ignored when there is no supply fan
---------------
C:\USERS\MICHAELSAWFORD\A2 EFFICIENCY\P-2050-006.00 SCE T24 COMPLEX HVAC - DOCUMENTS\4.00-MODELING\EX01A_MF VENTILATION\MF88_1A_ISUP_CEXH-SZHP_CZ09\MF88UNIT_ISUP_CEXH-SZHP_CZ9 - RUN\MF88UNIT_ISUP_CEXH-SZHP_CZ9 - AB-PVB-CSE.CSE(2903): Info: 
  doas 'doas-Res Central Exhaust (All Units)': 
    'oaExhFanElecPwr' is ignored when there is no exhaust fan
---------------
C:\USERS\MICHAELSAWFORD\A2 EFFICIENCY\P-2050-006.00 SCE T24 COMPLEX HVAC - DOCUMENTS\4.00-MODELING\EX01A_MF VENTILATION\MF88_1A_ISUP_CEXH-SZHP_CZ09\MF88UNIT_ISUP_CEXH-SZHP_CZ9 - RUN\MF88UNIT_ISUP_CEXH-SZHP_CZ9 - AB-PVB-CSE.CSE(2903): Info: 
  doas 'doas-Res Central Exhaust (All Units)': 
    'oaExhFanEndUse' is ignored when there is no exhaust fan
---------------
C:\USERS\MICHAELSAWFORD\A2 EFFICIENCY\P-2050-006.00 SCE T24 COMPLEX HVAC - DOCUMENTS\4.00-MODELING\EX01A_MF VENTILATION\MF88_1A_ISUP_CEXH-SZHP_CZ09\MF88UNIT_ISUP_CEXH-SZHP_CZ9 - RUN\MF88UNIT_ISUP_CEXH-SZHP_CZ9 - AB-PVB-CSE.CSE(2903): Info: 
  doas 'doas-Res Central Exhaust (All Units)': 
    'oaHXBypass' is ignored when there is no exhaust fan
---------------
