---------------
C:\GITHUB\P-COMPLEXHVAC\P-SCE-COMPLEX_HVAC\MF EXAMPLES\MF88_1C_ISUP_IEXH-SZHP_CZ09\MF88UNIT_ISUP_IEXH-SZHP_CZ9 - RUN\MF88UNIT_ISUP_IEXH-SZHP_CZ9 - AP-CSE.CSE(653): Info: 
  DHWSYS 'dhwsys-F1 Business Center': 
    'wsTSetpoint' is ignored -- HPWH 'dhwhtr1-Heat Pump' has a fixed setpoint.
---------------
C:\GITHUB\P-COMPLEXHVAC\P-SCE-COMPLEX_HVAC\MF EXAMPLES\MF88_1C_ISUP_IEXH-SZHP_CZ09\MF88UNIT_ISUP_IEXH-SZHP_CZ9 - RUN\MF88UNIT_ISUP_IEXH-SZHP_CZ9 - AP-CSE.CSE(677): Info: 
  DHWSYS 'dhwsys-F1 Fitness Center': 
    'wsTSetpoint' is ignored -- HPWH 'dhwhtr1-Heat Pump 3' has a fixed setpoint.
---------------
C:\GITHUB\P-COMPLEXHVAC\P-SCE-COMPLEX_HVAC\MF EXAMPLES\MF88_1C_ISUP_IEXH-SZHP_CZ09\MF88UNIT_ISUP_IEXH-SZHP_CZ9 - RUN\MF88UNIT_ISUP_IEXH-SZHP_CZ9 - AP-CSE.CSE(701): Info: 
  DHWSYS 'dhwsys-F1 Leasing Office': 
    'wsTSetpoint' is ignored -- HPWH 'dhwhtr1-Heat Pump 4' has a fixed setpoint.
---------------
C:\GITHUB\P-COMPLEXHVAC\P-SCE-COMPLEX_HVAC\MF EXAMPLES\MF88_1C_ISUP_IEXH-SZHP_CZ09\MF88UNIT_ISUP_IEXH-SZHP_CZ9 - RUN\MF88UNIT_ISUP_IEXH-SZHP_CZ9 - AP-CSE.CSE(725): Info: 
  DHWSYS 'dhwsys-F1 Lobby': 
    'wsTSetpoint' is ignored -- HPWH 'dhwhtr1-Heat Pump 5' has a fixed setpoint.
---------------
C:\GITHUB\P-COMPLEXHVAC\P-SCE-COMPLEX_HVAC\MF EXAMPLES\MF88_1C_ISUP_IEXH-SZHP_CZ09\MF88UNIT_ISUP_IEXH-SZHP_CZ9 - RUN\MF88UNIT_ISUP_IEXH-SZHP_CZ9 - AP-CSE.CSE(749): Info: 
  DHWSYS 'dhwsys-F1 Mech Rm': 
    'wsTSetpoint' is ignored -- HPWH 'dhwhtr1-Heat Pump 6' has a fixed setpoint.
---------------
C:\GITHUB\P-COMPLEXHVAC\P-SCE-COMPLEX_HVAC\MF EXAMPLES\MF88_1C_ISUP_IEXH-SZHP_CZ09\MF88UNIT_ISUP_IEXH-SZHP_CZ9 - RUN\MF88UNIT_ISUP_IEXH-SZHP_CZ9 - AP-CSE.CSE(773): Info: 
  DHWSYS 'dhwsys-F2 Break Room': 
    'wsTSetpoint' is ignored -- HPWH 'dhwhtr1-Heat Pump 7' has a fixed setpoint.
---------------
C:\GITHUB\P-COMPLEXHVAC\P-SCE-COMPLEX_HVAC\MF EXAMPLES\MF88_1C_ISUP_IEXH-SZHP_CZ09\MF88UNIT_ISUP_IEXH-SZHP_CZ9 - RUN\MF88UNIT_ISUP_IEXH-SZHP_CZ9 - AP-CSE.CSE(797): Info: 
  DHWSYS 'dhwsys-F3 Break Room': 
    'wsTSetpoint' is ignored -- HPWH 'dhwhtr1-Heat Pump 8' has a fixed setpoint.
---------------
C:\GITHUB\P-COMPLEXHVAC\P-SCE-COMPLEX_HVAC\MF EXAMPLES\MF88_1C_ISUP_IEXH-SZHP_CZ09\MF88UNIT_ISUP_IEXH-SZHP_CZ9 - RUN\MF88UNIT_ISUP_IEXH-SZHP_CZ9 - AP-CSE.CSE(821): Info: 
  DHWSYS 'dhwsys-F4 Break Room': 
    'wsTSetpoint' is ignored -- HPWH 'dhwhtr1-Heat Pump 9' has a fixed setpoint.
---------------
C:\GITHUB\P-COMPLEXHVAC\P-SCE-COMPLEX_HVAC\MF EXAMPLES\MF88_1C_ISUP_IEXH-SZHP_CZ09\MF88UNIT_ISUP_IEXH-SZHP_CZ9 - RUN\MF88UNIT_ISUP_IEXH-SZHP_CZ9 - AP-CSE.CSE(845): Info: 
  DHWSYS 'dhwsys-F5 Break Room': 
    'wsTSetpoint' is ignored -- HPWH 'dhwhtr1-Heat Pump 10' has a fixed setpoint.
---------------
